<?xml version="1.0" encoding="UTF-8"?>
<!-- Generated by org.testng.reporters.JUnitXMLReporter -->
<testsuite ignored="0" hostname="LAPTOP-SV8G013B" failures="0" tests="3" name="Default test" time="3.456" errors="0" timestamp="2022-04-05T01:00:48 IST">
  <testcase classname="Validation" name="TopNavBarCheck" time="0.171"/>
  <testcase classname="Validation" name="HomePageCheck" time="0.057"/>
  <testcase classname="Validation" name="FooterCheck" time="0.115"/>
</testsuite> <!-- Default test -->
